<?xml version="1.0" encoding="UTF-8"?>
<!-- Generated by org.testng.reporters.JUnitReportReporter -->
<testsuite hostname="LAPTOP-NM85C9NO" failures="0" tests="2" name="CasestudyProject.HomePageTest" time="7.593" errors="0" timestamp="2021-12-28T16:34:36 IST" skipped="0">
  <testcase classname="CasestudyProject.HomePageTest" name="clicklogin" time="0.365"/>
  <system-out/>
  <testcase classname="CasestudyProject.HomePageTest" name="visitTest" time="7.228"/>
  <system-out/>
</testsuite> <!-- CasestudyProject.HomePageTest -->
