<?xml version="1.0" encoding="UTF-8"?>
<!-- Generated by org.testng.reporters.JUnitReportReporter -->
<testsuite hostname="LAPTOP-NM85C9NO" failures="0" tests="1" name="CasestudyProject.RegisterTest" time="25.242" errors="0" timestamp="2021-12-28T16:35:49 IST" skipped="0">
  <testcase classname="CasestudyProject.RegisterTest" name="visitTest" time="25.242"/>
  <system-out/>
</testsuite> <!-- CasestudyProject.RegisterTest -->
