<?xml version="1.0" encoding="UTF-8"?>
<!-- Generated by org.testng.reporters.JUnitReportReporter -->
<testsuite hostname="LAPTOP-NM85C9NO" failures="0" tests="2" name="Casestudy.HomePageTest" time="15.794" errors="0" timestamp="2021-12-28T16:33:33 IST" skipped="0">
  <testcase classname="Casestudy.HomePageTest" name="visitTest" time="15.481"/>
  <system-out/>
  <testcase classname="Casestudy.HomePageTest" name="clicklogin" time="0.313"/>
  <system-out/>
</testsuite> <!-- Casestudy.HomePageTest -->
