<?xml version="1.0" encoding="UTF-8"?>
<!-- Generated by org.testng.reporters.JUnitReportReporter -->
<testsuite hostname="LAPTOP-NM85C9NO" failures="0" tests="1" name="CasestudyProject.LoginPageTest" time="13.033" errors="0" timestamp="2021-12-28T16:35:10 IST" skipped="0">
  <testcase classname="CasestudyProject.LoginPageTest" name="visitTest" time="13.033"/>
  <system-out/>
</testsuite> <!-- CasestudyProject.LoginPageTest -->
